#
# A fatal error has been detected by the Java Runtime Environment:
#
#  EXCEPTION_ACCESS_VIOLATION (0xc0000005) at pc=0x00007ffeb5c36a0c, pid=30252, tid=30524
#
# JRE version: OpenJDK Runtime Environment (23.0.1+11) (build 23.0.1+11-39)
# Java VM: OpenJDK 64-Bit Server VM (23.0.1+11-39, mixed mode, sharing, tiered, compressed oops, compressed class ptrs, g1 gc, windows-amd64)
# Problematic frame:
# C  [jdwp.dll+0x26a0c]
#
# No core dump will be written. Minidumps are not enabled by default on client versions of Windows
#
# If you would like to submit a bug report, please visit:
#   https://bugreport.java.com/bugreport/crash.jsp
# The crash happened outside the Java Virtual Machine in native code.
# See problematic frame for where to report the bug.
#

---------------  S U M M A R Y ------------

Command Line: -agentlib:jdwp=transport=dt_socket,address=127.0.0.1:62619,suspend=y,server=n -javaagent:C:\Users\andre\AppData\Local\JetBrains\IdeaIC2024.3\captureAgent\debugger-agent.jar -Dkotlinx.coroutines.debug.enable.creation.stack.trace=false -Ddebugger.agent.enable.coroutines=true -Dkotlinx.coroutines.debug.enable.flows.stack.trace=true -Dkotlinx.coroutines.debug.enable.mutable.state.flows.stack.trace=true -Dfile.encoding=UTF-8 -Dsun.stdout.encoding=UTF-8 -Dsun.stderr.encoding=UTF-8 com.snksynthesis.voxelgame.App

Host: AMD Ryzen 9 7900X 12-Core Processor            , 24 cores, 63G,  Windows 11 , 64 bit Build 22621 (10.0.22621.4391)
Time: Fri Dec 27 03:35:14 2024 Pacific Standard Time elapsed time: 0.163149 seconds (0d 0h 0m 0s)

---------------  T H R E A D  ---------------

Current thread (0x0000017612a17e50):  JavaThread "main"             [_thread_in_native, id=30524, stack(0x00000066cbc00000,0x00000066cbd00000) (1024K)]

Stack: [0x00000066cbc00000,0x00000066cbd00000],  sp=0x00000066cbcfe258,  free space=1016k
Native frames: (J=compiled Java code, j=interpreted, Vv=VM code, C=native code)
C  [jdwp.dll+0x26a0c]  (no source info available)
C  [jdwp.dll+0x161f3]  (no source info available)
C  [jdwp.dll+0x12873]  (no source info available)
V  [jvm.dll+0x5990d7]  (no source info available)
V  [jvm.dll+0x3c10e6]  (no source info available)
V  [jvm.dll+0x3bfd37]  (no source info available)
V  [jvm.dll+0x3bfcd8]  (no source info available)
V  [jvm.dll+0x5e6039]  (no source info available)
V  [jvm.dll+0x5e4f74]  (no source info available)
V  [jvm.dll+0x3d5bcd]  (no source info available)
V  [jvm.dll+0x3d51cd]  (no source info available)
C  0x0000017624aa5871  (no source info available)

The last pc belongs to invokestatic (printed below).
Java frames: (J=compiled Java code, j=interpreted, Vv=VM code)
j  jdk.internal.reflect.MethodHandleAccessorFactory.newFieldAccessor(Ljava/lang/reflect/Field;Z)Ljdk/internal/reflect/FieldAccessorImpl;+170 java.base@23.0.1
j  jdk.internal.reflect.ReflectionFactory.newFieldAccessor(Ljava/lang/reflect/Field;Z)Ljdk/internal/reflect/FieldAccessor;+76 java.base@23.0.1
j  java.lang.reflect.Field.acquireFieldAccessor()Ljdk/internal/reflect/FieldAccessor;+35 java.base@23.0.1
j  java.lang.reflect.Field.getFieldAccessor()Ljdk/internal/reflect/FieldAccessor;+14 java.base@23.0.1
j  java.lang.reflect.Field.getInt(Ljava/lang/Object;)I+18 java.base@23.0.1
j  org.lwjgl.system.APIUtil.apiClassTokens(Ljava/util/function/BiPredicate;Ljava/util/Map;[Ljava/lang/Class;)Ljava/util/Map;+104
j  org.lwjgl.glfw.GLFWErrorCallback$1.<init>(Ljava/io/PrintStream;)V+25
j  org.lwjgl.glfw.GLFWErrorCallback.createPrint(Ljava/io/PrintStream;)Lorg/lwjgl/glfw/GLFWErrorCallback;+5
j  com.snksynthesis.voxelgame.gfx.Window.create()V+3
j  com.snksynthesis.voxelgame.App.init()V+23
j  com.snksynthesis.voxelgame.App.run()V+1
j  com.snksynthesis.voxelgame.App.main([Ljava/lang/String;)V+7
v  ~StubRoutines::call_stub 0x0000017624a80fcd

siginfo: EXCEPTION_ACCESS_VIOLATION (0xc0000005), reading address 0xffffffffffffffff


Registers:
RAX=0x000001768a446f60, RBX=0x00000176447cfb60, RCX=0x0000017612a18210, RDX=0x00000176447cfb60
RSP=0x00000066cbcfe258, RBP=0x0000000000000002, RSI=0x00000066cbcfe300, RDI=0x0000017612a18210
R8 =0x0000000000010002, R9 =0x0000000000000000, R10=0x00007ffeca0f0000, R11=0x00000066cbcfe228
R12=0x0000000000000007, R13=0x00000176447cfb60, R14=0x00007ffeb5c40400, R15=0x0000000000000000
RIP=0x00007ffeb5c36a0c, EFLAGS=0x0000000000010206


Register to memory mapping:

RAX=0x000001768a446f60 points into unknown readable memory: 0x0000000000000000 | 00 00 00 00 00 00 00 00
RBX=0x00000176447cfb60 points into unknown readable memory: 0x000000044c80a4d8 | d8 a4 80 4c 04 00 00 00
RCX=0x0000017612a18210 points into unknown readable memory: 0x000001768a446f60 | 60 6f 44 8a 76 01 00 00
RDX=0x00000176447cfb60 points into unknown readable memory: 0x000000044c80a4d8 | d8 a4 80 4c 04 00 00 00
RSP=0x00000066cbcfe258 is pointing into the stack for thread: 0x0000017612a17e50
RBP=0x0000000000000002 is an unknown value
RSI=0x00000066cbcfe300 is pointing into the stack for thread: 0x0000017612a17e50
RDI=0x0000017612a18210 points into unknown readable memory: 0x000001768a446f60 | 60 6f 44 8a 76 01 00 00
R8 =0x0000000000010002 is an unknown value
R9 =0x0 is null
R10=0x00007ffeca0f0000 VCRUNTIME140.dll
R11=0x00000066cbcfe228 is pointing into the stack for thread: 0x0000017612a17e50
R12=0x0000000000000007 is an unknown value
R13=0x00000176447cfb60 points into unknown readable memory: 0x000000044c80a4d8 | d8 a4 80 4c 04 00 00 00
R14=0x00007ffeb5c40400 jdwp.dll
R15=0x0 is null

Top of Stack: (sp=0x00000066cbcfe258)
0x00000066cbcfe258:   00007ffeb5c261f3 00000176447cfb60
0x00000066cbcfe268:   00000066cbcfe300 0000000000000000
0x00000066cbcfe278:   0000000000000000 00000176447d29c8
0x00000066cbcfe288:   0000000000000020 0000017612a04630
0x00000066cbcfe298:   00007ffeb5c40428 0000017612a18428
0x00000066cbcfe2a8:   00007ffeb5c22873 00000176447cfb60
0x00000066cbcfe2b8:   0000000000000002 0000017612a18210
0x00000066cbcfe2c8:   00000176447cfb68 00000066cbcfe630
0x00000066cbcfe2d8:   00007ffe00e713b9 00007ffe01853810
0x00000066cbcfe2e8:   00000176447f8cb0 0000000000000000
0x00000066cbcfe2f8:   0000017646028480 0000000000000007
0x00000066cbcfe308:   00000176447cfb60 0000000000000000
0x00000066cbcfe318:   00000176447cfb68 0000000000000000
0x00000066cbcfe328:   0000000000000000 0000000000000000
0x00000066cbcfe338:   0000000000000000 0000000000000000
0x00000066cbcfe348:   0000000000000000 0000000000000000
0x00000066cbcfe358:   0000017612a18428 0000017646029a50
0x00000066cbcfe368:   00007ffe011790d7 00000176447cfb68
0x00000066cbcfe378:   00000176449bbf30 0000017612a17e50
0x00000066cbcfe388:   0000017612a184c0 00000176454ca4d0
0x00000066cbcfe398:   0000017614efdf40 00000176454ca4e0
0x00000066cbcfe3a8:   0000000000000001 0000017646029a50
0x00000066cbcfe3b8:   00007ffe00e6f392 000099578e76c8bd
0x00000066cbcfe3c8:   0000017645665d60 0000017612ade800
0x00000066cbcfe3d8:   0000017612a184c0 0000017612a184d0
0x00000066cbcfe3e8:   0000017612a188a8 00000000000003d8
0x00000066cbcfe3f8:   0000017612a17e50 0000017612a17e50
0x00000066cbcfe408:   0000017612adde80 0000017614eff9d0
0x00000066cbcfe418:   0000017614eff9e8 0000017614effab8
0x00000066cbcfe428:   00000000000000d8 00000066cbcfe440
0x00000066cbcfe438:   00007ffe0128e0f3 0000017612a17e50
0x00000066cbcfe448:   0000017612adde80 0000017614eff9d0 

Instructions: (pc=0x00007ffeb5c36a0c)
0x00007ffeb5c3690c:   05 df 07 01 00 48 8b 03 48 8b d7 4d 8b 40 30 48
0x00007ffeb5c3691c:   8b cb 48 8b 5c 24 30 48 83 c4 20 5f 48 ff a0 00
0x00007ffeb5c3692c:   01 00 00 cc 48 89 5c 24 08 57 48 83 ec 20 48 8b
0x00007ffeb5c3693c:   f9 e8 f2 ea ff ff 4c 8b 05 a7 07 01 00 48 8b d8
0x00007ffeb5c3694c:   41 f6 80 10 02 00 00 02 74 33 41 b8 0f 06 00 00
0x00007ffeb5c3695c:   48 8d 15 15 c3 00 00 48 8d 0d 5a 5a 00 00 e8 19
0x00007ffeb5c3696c:   48 ff ff 48 8d 15 62 99 00 00 48 8d 0d 5b 5a 00
0x00007ffeb5c3697c:   00 e8 ae 48 ff ff 4c 8b 05 67 07 01 00 48 8b 03
0x00007ffeb5c3698c:   48 8b d7 4d 8b 40 38 48 8b cb 48 8b 5c 24 30 48
0x00007ffeb5c3699c:   83 c4 20 5f 48 ff a0 00 01 00 00 cc 48 89 5c 24
0x00007ffeb5c369ac:   08 57 48 83 ec 20 48 8b f9 e8 7a ea ff ff 48 8b
0x00007ffeb5c369bc:   15 2f 07 01 00 48 8b d8 f6 82 10 02 00 00 02 74
0x00007ffeb5c369cc:   2c 41 b8 01 06 00 00 48 8d 15 9e c2 00 00 48 8d
0x00007ffeb5c369dc:   0d e3 59 00 00 e8 a2 47 ff ff 48 8d 15 33 6a 00
0x00007ffeb5c369ec:   00 48 8d 0d e4 59 00 00 e8 37 48 ff ff 48 8b 03
0x00007ffeb5c369fc:   48 8b d7 48 8b cb 48 8b 5c 24 30 48 83 c4 20 5f
0x00007ffeb5c36a0c:   48 ff a0 50 07 00 00 cc 48 89 5c 24 08 48 89 74
0x00007ffeb5c36a1c:   24 10 48 89 7c 24 18 41 56 48 83 ec 20 4c 63 f2
0x00007ffeb5c36a2c:   49 8b d8 48 8b d1 41 8b f9 48 8b cb 4d 8d 46 ff
0x00007ffeb5c36a3c:   ff 15 2e 58 00 00 85 c0 75 3c 41 0f be 44 1e ff
0x00007ffeb5c36a4c:   3b c7 75 32 49 03 de eb 10 0f be c8 ff 15 02 58
0x00007ffeb5c36a5c:   00 00 85 c0 74 09 48 ff c3 8a 03 84 c0 75 ea 80
0x00007ffeb5c36a6c:   3b 3b 74 12 8b d7 48 8b cb e8 38 4b 00 00 48 85
0x00007ffeb5c36a7c:   c0 0f 94 c0 eb 02 32 c0 48 8b 5c 24 30 48 8b 74
0x00007ffeb5c36a8c:   24 38 48 8b 7c 24 40 48 83 c4 20 41 5e c3 cc cc
0x00007ffeb5c36a9c:   0f b6 d1 83 fa 1e 0f 87 83 00 00 00 74 7b 83 fa
0x00007ffeb5c36aac:   07 77 41 74 39 83 ea 01 74 2e 83 ea 01 74 23 83
0x00007ffeb5c36abc:   ea 01 74 18 83 ea 01 74 0d 83 fa 02 0f 85 8a 00
0x00007ffeb5c36acc:   00 00 8d 42 03 c3 b8 04 00 00 00 c3 b8 03 00 00
0x00007ffeb5c36adc:   00 c3 b8 02 00 00 00 c3 b8 01 00 00 00 c3 b8 06
0x00007ffeb5c36aec:   00 00 00 c3 b8 08 00 00 00 2b d0 74 26 83 ea 01
0x00007ffeb5c36afc:   0f 84 88 00 00 00 83 ea 01 74 12 b8 0a 00 00 00 


Stack slot to memory mapping:

stack at sp + 0 slots: 0x00007ffeb5c261f3 jdwp.dll
stack at sp + 1 slots: 0x00000176447cfb60 points into unknown readable memory: 0x000000044c80a4d8 | d8 a4 80 4c 04 00 00 00
stack at sp + 2 slots: 0x00000066cbcfe300 is pointing into the stack for thread: 0x0000017612a17e50
stack at sp + 3 slots: 0x0 is null
stack at sp + 4 slots: 0x0 is null
stack at sp + 5 slots: 0x00000176447d29c8 points into unknown readable memory: 0x0000017612a045c0 | c0 45 a0 12 76 01 00 00
stack at sp + 6 slots: 0x0000000000000020 is an unknown value
stack at sp + 7 slots: 0x0000017612a04630 points into unknown readable memory: 0x8000001200000001 | 01 00 00 00 12 00 00 80

Lock stack of current Java thread (top to bottom):
LockStack[0]: [I 
{0x000000044c459770} - klass: {type array int}
 - length: 0

invokestatic  184 invokestatic  [0x0000017624aa57c0, 0x0000017624aa5b60]  928 bytes
[MachCode]
  0x0000017624aa57c0: 4883 ec08 | c5fa 1104 | 24eb 1f48 | 83ec 10c5 | fb11 0424 | eb14 4883 | ec10 4889 | 0424 48c7 
  0x0000017624aa57e0: 4424 0800 | 0000 00eb | 0150 488b | 4dd0 410f | b755 0148 | 8b49 306b | d218 488d | 4c11 080f 
  0x0000017624aa5800: b659 1681 | fbb8 0000 | 000f 8474 | 0100 00bb | b800 0000 | e805 0000 | 00e9 5001 | 0000 488b 
  0x0000017624aa5820: d348 8d44 | 2408 4c89 | 6dc0 498b | cfc5 f877 | 4989 afb0 | 0300 0049 | 8987 a003 | 0000 4883 
  0x0000017624aa5840: ec20 40f6 | c40f 0f84 | 1900 0000 | 4883 ec08 | 48b8 6051 | fb00 fe7f | 0000 ffd0 | 4883 c408 
  0x0000017624aa5860: e90c 0000 | 0048 b860 | 51fb 00fe | 7f00 00ff | d048 83c4 | 2049 c787 | a003 0000 | 0000 0000 
  0x0000017624aa5880: 49c7 87b0 | 0300 0000 | 0000 0049 | c787 a803 | 0000 0000 | 0000 c5f8 | 7741 8b8f | 2c05 0000 
  0x0000017624aa58a0: f6c1 010f | 8442 0000 | 00f6 c102 | 0f85 3900 | 0000 4883 | ec20 40f6 | c40f 0f84 | 1900 0000 
  0x0000017624aa58c0: 4883 ec08 | 48b8 10fc | fa00 fe7f | 0000 ffd0 | 4883 c408 | e90c 0000 | 0048 b810 | fcfa 00fe 
  0x0000017624aa58e0: 7f00 00ff | d048 83c4 | 20ff e049 | 8b8f d805 | 0000 4885 | c90f 8455 | 0000 008b | 899c 0000 
  0x0000017624aa5900: 0083 f901 | 0f85 4600 | 0000 498b | 8fd8 0500 | 008b 89a0 | 0000 0048 | 83ec 2040 | f6c4 0f0f 
  0x0000017624aa5920: 8419 0000 | 0048 83ec | 0848 b800 | fcfa 00fe | 7f00 00ff | d048 83c4 | 08e9 0c00 | 0000 48b8 
  0x0000017624aa5940: 00fc fa00 | fe7f 0000 | ffd0 4883 | c420 ffe0 | 4983 7f08 | 000f 8405 | 0000 00e9 | 60b5 fdff 
  0x0000017624aa5960: 4c8b 6dc0 | 4c8b 75c8 | 4e8d 74f5 | 00c3 488b | 4dd0 410f | b755 0148 | 8b49 306b | d218 488d 
  0x0000017624aa5980: 4c11 0848 | 8b19 488b | 5b08 488b | 5b08 488b | 5b18 80bb | 3101 0000 | 040f 840d | 0000 004c 
  0x0000017624aa59a0: 3bbb 3801 | 0000 0f85 | 63fe ffff | 0fb6 5115 | 488b 194c | 896d c044 | 8bea 0fb6 | 5114 49ba 
  0x0000017624aa59c0: 6035 8601 | fe7f 0000 | 498b 14d2 | 5241 8bd5 | 4c8b 6dc0 | 488b 45d8 | 4885 c00f | 8412 0000 
  0x0000017624aa59e0: 0048 8340 | 0801 4883 | 5808 0048 | 83c0 1048 | 8945 d848 | 8b45 d848 | 85c0 0f84 | 3d01 0000 
  0x0000017624aa5a00: 8078 f00a | 0f85 3301 | 0000 4883 | c008 4c8b | 68f8 4183 | ed00 4183 | fd02 0f8c | 1201 0000 
  0x0000017624aa5a20: 4c8b 6b08 | 450f b76d | 2e4c 2b28 | 4183 ed01 | 4e8b 6cec | 084d 85ed | 750e f640 | 0801 7558 
  0x0000017624aa5a40: f048 8348 | 0801 eb50 | 458b 6d08 | 49ba 0000 | 0045 7601 | 0000 4d03 | ea4d 8bd5 | 4c33 6808 
  0x0000017624aa5a60: 49f7 c5fc | ffff ff74 | 2f41 f6c5 | 0275 2948 | 8378 0800 | 741e 4883 | 7808 0174 | 174d 8bea 
  0x0000017624aa5a80: 4c33 6808 | 49f7 c5fc | ffff ff74 | 0b48 8348 | 0802 eb04 | 4c89 6808 | 4883 c010 | 4c8b 68e8 
  0x0000017624aa5aa0: 4183 ed02 | 4183 fd02 | 0f8c 8400 | 0000 4c8b | 6b08 450f | b76d 2e4c | 2b28 4183 | ed01 4e8b 
  0x0000017624aa5ac0: 6cec 084d | 85ed 750e | f640 0801 | 7558 f048 | 8348 0801 | eb50 458b | 6d08 49ba | 0000 0045 
  0x0000017624aa5ae0: 7601 0000 | 4d03 ea4d | 8bd5 4c33 | 6808 49f7 | c5fc ffff | ff74 2f41 | f6c5 0275 | 2948 8378 
  0x0000017624aa5b00: 0800 741e | 4883 7808 | 0174 174d | 8bea 4c33 | 6808 49f7 | c5fc ffff | ff74 0b48 | 8348 0802 
  0x0000017624aa5b20: eb04 4c89 | 6808 4883 | c010 4c8b | 68d8 4183 | ed04 41c1 | e503 4903 | c548 8945 | d84c 8d6c 
  0x0000017624aa5b40: 2408 498b | cd48 2bcd | 48c1 f903 | 4889 4df0 | 4180 bfe0 | 0500 0000 | 7403 ff63 | 38ff 6350 
[/MachCode]

---------------  P R O C E S S  ---------------

Threads class SMR info:
_java_thread_list=0x0000017644a30140, length=17, elements={
0x0000017612a17e50, 0x00000176447e7c80, 0x00000176447e8de0, 0x00000176447e9d90,
0x00000176447ead40, 0x00000176447eb890, 0x00000176447f3170, 0x00000176447f4b20,
0x00000176447f9010, 0x00000176448cc6f0, 0x00000176448fa440, 0x0000017644994e10,
0x0000017644995b00, 0x00000176449ef620, 0x0000017644a35210, 0x0000017644a10cc0,
0x0000017644b3cf20
}

Java Threads: ( => current thread )
=>0x0000017612a17e50 JavaThread "main"                              [_thread_in_native, id=30524, stack(0x00000066cbc00000,0x00000066cbd00000) (1024K)]
  0x00000176447e7c80 JavaThread "Reference Handler"          daemon [_thread_blocked, id=25612, stack(0x00000066cc400000,0x00000066cc500000) (1024K)]
  0x00000176447e8de0 JavaThread "Finalizer"                  daemon [_thread_blocked, id=8604, stack(0x00000066cc500000,0x00000066cc600000) (1024K)]
  0x00000176447e9d90 JavaThread "Signal Dispatcher"          daemon [_thread_blocked, id=34560, stack(0x00000066cc600000,0x00000066cc700000) (1024K)]
  0x00000176447ead40 JavaThread "Attach Listener"            daemon [_thread_blocked, id=27872, stack(0x00000066cc700000,0x00000066cc800000) (1024K)]
  0x00000176447eb890 JavaThread "Service Thread"             daemon [_thread_blocked, id=35596, stack(0x00000066cc800000,0x00000066cc900000) (1024K)]
  0x00000176447f3170 JavaThread "Monitor Deflation Thread"   daemon [_thread_blocked, id=11528, stack(0x00000066cc900000,0x00000066cca00000) (1024K)]
  0x00000176447f4b20 JavaThread "C2 CompilerThread0"         daemon [_thread_blocked, id=6572, stack(0x00000066cca00000,0x00000066ccb00000) (1024K)]
  0x00000176447f9010 JavaThread "C1 CompilerThread0"         daemon [_thread_blocked, id=3972, stack(0x00000066ccb00000,0x00000066ccc00000) (1024K)]
  0x00000176448cc6f0 JavaThread "C1 CompilerThread1"         daemon [_thread_blocked, id=33308, stack(0x00000066ccc00000,0x00000066ccd00000) (1024K)]
  0x00000176448fa440 JavaThread "Common-Cleaner"             daemon [_thread_blocked, id=30728, stack(0x00000066ccd00000,0x00000066cce00000) (1024K)]
  0x0000017644994e10 JavaThread "C1 CompilerThread2"         daemon [_thread_blocked, id=13976, stack(0x00000066cce00000,0x00000066ccf00000) (1024K)]
  0x0000017644995b00 JavaThread "C1 CompilerThread3"         daemon [_thread_blocked, id=5428, stack(0x00000066ccf00000,0x00000066cd000000) (1024K)]
  0x00000176449ef620 JavaThread "JDWP Transport Listener: dt_socket" daemon [_thread_blocked, id=34580, stack(0x00000066cd000000,0x00000066cd100000) (1024K)]
  0x0000017644a35210 JavaThread "JDWP Event Helper Thread"   daemon [_thread_blocked, id=31564, stack(0x00000066cd100000,0x00000066cd200000) (1024K)]
  0x0000017644a10cc0 JavaThread "JDWP Command Reader"        daemon [_thread_in_native, id=6552, stack(0x00000066cd200000,0x00000066cd300000) (1024K)]
  0x0000017644b3cf20 JavaThread "Notification Thread"        daemon [_thread_blocked, id=24900, stack(0x00000066cd300000,0x00000066cd400000) (1024K)]
Total: 17

Other Threads:
  0x00000176447cdfe0 VMThread "VM Thread"                           [id=21348, stack(0x00000066cc300000,0x00000066cc400000) (1024K)]
  0x00000176447c1640 WatcherThread "VM Periodic Task Thread"        [id=8628, stack(0x00000066cc200000,0x00000066cc300000) (1024K)]
  0x000001762d58f0b0 WorkerThread "GC Thread#0"                     [id=36048, stack(0x00000066cbd00000,0x00000066cbe00000) (1024K)]
  0x0000017614f84b40 ConcurrentGCThread "G1 Main Marker"            [id=34704, stack(0x00000066cbe00000,0x00000066cbf00000) (1024K)]
  0x0000017614f85800 WorkerThread "G1 Conc#0"                       [id=28268, stack(0x00000066cbf00000,0x00000066cc000000) (1024K)]
  0x000001762d65d930 ConcurrentGCThread "G1 Refine#0"               [id=35340, stack(0x00000066cc000000,0x00000066cc100000) (1024K)]
  0x000001762d65e350 ConcurrentGCThread "G1 Service"                [id=28676, stack(0x00000066cc100000,0x00000066cc200000) (1024K)]
Total: 7

Threads with active compile tasks:
Total: 0

VM state: not at safepoint (normal execution)

VM Mutex/Monitor currently owned by a thread: None

Heap address: 0x000000040d800000, size: 16168 MB, Compressed Oops mode: Zero based, Oop shift amount: 3

CDS archive(s) mapped at: [0x0000017645000000-0x0000017645d70000-0x0000017645d70000), size 14090240, SharedBaseAddress: 0x0000017645000000, ArchiveRelocationMode: 1.
Compressed class space mapped at: 0x0000017646000000-0x0000017686000000, reserved size: 1073741824
Narrow klass base: 0x0000017645000000, Narrow klass shift: 0, Narrow klass range: 0x41000000

GC Precious Log:
 CardTable entry size: 512
 Card Set container configuration: InlinePtr #cards 4 size 8 Array Of Cards #cards 64 size 144 Howl #buckets 8 coarsen threshold 14745 Howl Bitmap #cards 2048 size 272 coarsen threshold 1843 Card regions per heap region 1 cards per card region 16384
 CPUs: 24 total, 24 available
 Memory: 64641M
 Large Page Support: Disabled
 NUMA Support: Disabled
 Compressed Oops: Enabled (Zero based)
 Heap Region Size: 8M
 Heap Min Capacity: 8M
 Heap Initial Capacity: 1016M
 Heap Max Capacity: 16168M
 Pre-touch: Disabled
 Parallel Workers: 18
 Concurrent Workers: 5
 Concurrent Refinement Workers: 18
 Periodic GC: Disabled

Heap:
 garbage-first heap   total reserved 16556032K, committed 1040384K, used 8192K [0x000000040d800000, 0x0000000800000000)
  region size 8192K, 2 young (16384K), 0 survivors (0K)
 Metaspace       used 4219K, committed 4416K, reserved 1114112K
  class space    used 364K, committed 448K, reserved 1048576K

Heap Regions: E=young(eden), S=young(survivor), O=old, HS=humongous(starts), HC=humongous(continues), CS=collection set, F=free, TAMS=top-at-mark-start, PB=parsable bottom
|   0|0x000000040d800000, 0x000000040d800000, 0x000000040e000000|  0%| F|  |TAMS 0x000000040d800000| PB 0x000000040d800000| Untracked |  0
|   1|0x000000040e000000, 0x000000040e000000, 0x000000040e800000|  0%| F|  |TAMS 0x000000040e000000| PB 0x000000040e000000| Untracked |  0
|   2|0x000000040e800000, 0x000000040e800000, 0x000000040f000000|  0%| F|  |TAMS 0x000000040e800000| PB 0x000000040e800000| Untracked |  0
|   3|0x000000040f000000, 0x000000040f000000, 0x000000040f800000|  0%| F|  |TAMS 0x000000040f000000| PB 0x000000040f000000| Untracked |  0
|   4|0x000000040f800000, 0x000000040f800000, 0x0000000410000000|  0%| F|  |TAMS 0x000000040f800000| PB 0x000000040f800000| Untracked |  0
|   5|0x0000000410000000, 0x0000000410000000, 0x0000000410800000|  0%| F|  |TAMS 0x0000000410000000| PB 0x0000000410000000| Untracked |  0
|   6|0x0000000410800000, 0x0000000410800000, 0x0000000411000000|  0%| F|  |TAMS 0x0000000410800000| PB 0x0000000410800000| Untracked |  0
|   7|0x0000000411000000, 0x0000000411000000, 0x0000000411800000|  0%| F|  |TAMS 0x0000000411000000| PB 0x0000000411000000| Untracked |  0
|   8|0x0000000411800000, 0x0000000411800000, 0x0000000412000000|  0%| F|  |TAMS 0x0000000411800000| PB 0x0000000411800000| Untracked |  0
|   9|0x0000000412000000, 0x0000000412000000, 0x0000000412800000|  0%| F|  |TAMS 0x0000000412000000| PB 0x0000000412000000| Untracked |  0
|  10|0x0000000412800000, 0x0000000412800000, 0x0000000413000000|  0%| F|  |TAMS 0x0000000412800000| PB 0x0000000412800000| Untracked |  0
|  11|0x0000000413000000, 0x0000000413000000, 0x0000000413800000|  0%| F|  |TAMS 0x0000000413000000| PB 0x0000000413000000| Untracked |  0
|  12|0x0000000413800000, 0x0000000413800000, 0x0000000414000000|  0%| F|  |TAMS 0x0000000413800000| PB 0x0000000413800000| Untracked |  0
|  13|0x0000000414000000, 0x0000000414000000, 0x0000000414800000|  0%| F|  |TAMS 0x0000000414000000| PB 0x0000000414000000| Untracked |  0
|  14|0x0000000414800000, 0x0000000414800000, 0x0000000415000000|  0%| F|  |TAMS 0x0000000414800000| PB 0x0000000414800000| Untracked |  0
|  15|0x0000000415000000, 0x0000000415000000, 0x0000000415800000|  0%| F|  |TAMS 0x0000000415000000| PB 0x0000000415000000| Untracked |  0
|  16|0x0000000415800000, 0x0000000415800000, 0x0000000416000000|  0%| F|  |TAMS 0x0000000415800000| PB 0x0000000415800000| Untracked |  0
|  17|0x0000000416000000, 0x0000000416000000, 0x0000000416800000|  0%| F|  |TAMS 0x0000000416000000| PB 0x0000000416000000| Untracked |  0
|  18|0x0000000416800000, 0x0000000416800000, 0x0000000417000000|  0%| F|  |TAMS 0x0000000416800000| PB 0x0000000416800000| Untracked |  0
|  19|0x0000000417000000, 0x0000000417000000, 0x0000000417800000|  0%| F|  |TAMS 0x0000000417000000| PB 0x0000000417000000| Untracked |  0
|  20|0x0000000417800000, 0x0000000417800000, 0x0000000418000000|  0%| F|  |TAMS 0x0000000417800000| PB 0x0000000417800000| Untracked |  0
|  21|0x0000000418000000, 0x0000000418000000, 0x0000000418800000|  0%| F|  |TAMS 0x0000000418000000| PB 0x0000000418000000| Untracked |  0
|  22|0x0000000418800000, 0x0000000418800000, 0x0000000419000000|  0%| F|  |TAMS 0x0000000418800000| PB 0x0000000418800000| Untracked |  0
|  23|0x0000000419000000, 0x0000000419000000, 0x0000000419800000|  0%| F|  |TAMS 0x0000000419000000| PB 0x0000000419000000| Untracked |  0
|  24|0x0000000419800000, 0x0000000419800000, 0x000000041a000000|  0%| F|  |TAMS 0x0000000419800000| PB 0x0000000419800000| Untracked |  0
|  25|0x000000041a000000, 0x000000041a000000, 0x000000041a800000|  0%| F|  |TAMS 0x000000041a000000| PB 0x000000041a000000| Untracked |  0
|  26|0x000000041a800000, 0x000000041a800000, 0x000000041b000000|  0%| F|  |TAMS 0x000000041a800000| PB 0x000000041a800000| Untracked |  0
|  27|0x000000041b000000, 0x000000041b000000, 0x000000041b800000|  0%| F|  |TAMS 0x000000041b000000| PB 0x000000041b000000| Untracked |  0
|  28|0x000000041b800000, 0x000000041b800000, 0x000000041c000000|  0%| F|  |TAMS 0x000000041b800000| PB 0x000000041b800000| Untracked |  0
|  29|0x000000041c000000, 0x000000041c000000, 0x000000041c800000|  0%| F|  |TAMS 0x000000041c000000| PB 0x000000041c000000| Untracked |  0
|  30|0x000000041c800000, 0x000000041c800000, 0x000000041d000000|  0%| F|  |TAMS 0x000000041c800000| PB 0x000000041c800000| Untracked |  0
|  31|0x000000041d000000, 0x000000041d000000, 0x000000041d800000|  0%| F|  |TAMS 0x000000041d000000| PB 0x000000041d000000| Untracked |  0
|  32|0x000000041d800000, 0x000000041d800000, 0x000000041e000000|  0%| F|  |TAMS 0x000000041d800000| PB 0x000000041d800000| Untracked |  0
|  33|0x000000041e000000, 0x000000041e000000, 0x000000041e800000|  0%| F|  |TAMS 0x000000041e000000| PB 0x000000041e000000| Untracked |  0
|  34|0x000000041e800000, 0x000000041e800000, 0x000000041f000000|  0%| F|  |TAMS 0x000000041e800000| PB 0x000000041e800000| Untracked |  0
|  35|0x000000041f000000, 0x000000041f000000, 0x000000041f800000|  0%| F|  |TAMS 0x000000041f000000| PB 0x000000041f000000| Untracked |  0
|  36|0x000000041f800000, 0x000000041f800000, 0x0000000420000000|  0%| F|  |TAMS 0x000000041f800000| PB 0x000000041f800000| Untracked |  0
|  37|0x0000000420000000, 0x0000000420000000, 0x0000000420800000|  0%| F|  |TAMS 0x0000000420000000| PB 0x0000000420000000| Untracked |  0
|  38|0x0000000420800000, 0x0000000420800000, 0x0000000421000000|  0%| F|  |TAMS 0x0000000420800000| PB 0x0000000420800000| Untracked |  0
|  39|0x0000000421000000, 0x0000000421000000, 0x0000000421800000|  0%| F|  |TAMS 0x0000000421000000| PB 0x0000000421000000| Untracked |  0
|  40|0x0000000421800000, 0x0000000421800000, 0x0000000422000000|  0%| F|  |TAMS 0x0000000421800000| PB 0x0000000421800000| Untracked |  0
|  41|0x0000000422000000, 0x0000000422000000, 0x0000000422800000|  0%| F|  |TAMS 0x0000000422000000| PB 0x0000000422000000| Untracked |  0
|  42|0x0000000422800000, 0x0000000422800000, 0x0000000423000000|  0%| F|  |TAMS 0x0000000422800000| PB 0x0000000422800000| Untracked |  0
|  43|0x0000000423000000, 0x0000000423000000, 0x0000000423800000|  0%| F|  |TAMS 0x0000000423000000| PB 0x0000000423000000| Untracked |  0
|  44|0x0000000423800000, 0x0000000423800000, 0x0000000424000000|  0%| F|  |TAMS 0x0000000423800000| PB 0x0000000423800000| Untracked |  0
|  45|0x0000000424000000, 0x0000000424000000, 0x0000000424800000|  0%| F|  |TAMS 0x0000000424000000| PB 0x0000000424000000| Untracked |  0
|  46|0x0000000424800000, 0x0000000424800000, 0x0000000425000000|  0%| F|  |TAMS 0x0000000424800000| PB 0x0000000424800000| Untracked |  0
|  47|0x0000000425000000, 0x0000000425000000, 0x0000000425800000|  0%| F|  |TAMS 0x0000000425000000| PB 0x0000000425000000| Untracked |  0
|  48|0x0000000425800000, 0x0000000425800000, 0x0000000426000000|  0%| F|  |TAMS 0x0000000425800000| PB 0x0000000425800000| Untracked |  0
|  49|0x0000000426000000, 0x0000000426000000, 0x0000000426800000|  0%| F|  |TAMS 0x0000000426000000| PB 0x0000000426000000| Untracked |  0
|  50|0x0000000426800000, 0x0000000426800000, 0x0000000427000000|  0%| F|  |TAMS 0x0000000426800000| PB 0x0000000426800000| Untracked |  0
|  51|0x0000000427000000, 0x0000000427000000, 0x0000000427800000|  0%| F|  |TAMS 0x0000000427000000| PB 0x0000000427000000| Untracked |  0
|  52|0x0000000427800000, 0x0000000427800000, 0x0000000428000000|  0%| F|  |TAMS 0x0000000427800000| PB 0x0000000427800000| Untracked |  0
|  53|0x0000000428000000, 0x0000000428000000, 0x0000000428800000|  0%| F|  |TAMS 0x0000000428000000| PB 0x0000000428000000| Untracked |  0
|  54|0x0000000428800000, 0x0000000428800000, 0x0000000429000000|  0%| F|  |TAMS 0x0000000428800000| PB 0x0000000428800000| Untracked |  0
|  55|0x0000000429000000, 0x0000000429000000, 0x0000000429800000|  0%| F|  |TAMS 0x0000000429000000| PB 0x0000000429000000| Untracked |  0
|  56|0x0000000429800000, 0x0000000429800000, 0x000000042a000000|  0%| F|  |TAMS 0x0000000429800000| PB 0x0000000429800000| Untracked |  0
|  57|0x000000042a000000, 0x000000042a000000, 0x000000042a800000|  0%| F|  |TAMS 0x000000042a000000| PB 0x000000042a000000| Untracked |  0
|  58|0x000000042a800000, 0x000000042a800000, 0x000000042b000000|  0%| F|  |TAMS 0x000000042a800000| PB 0x000000042a800000| Untracked |  0
|  59|0x000000042b000000, 0x000000042b000000, 0x000000042b800000|  0%| F|  |TAMS 0x000000042b000000| PB 0x000000042b000000| Untracked |  0
|  60|0x000000042b800000, 0x000000042b800000, 0x000000042c000000|  0%| F|  |TAMS 0x000000042b800000| PB 0x000000042b800000| Untracked |  0
|  61|0x000000042c000000, 0x000000042c000000, 0x000000042c800000|  0%| F|  |TAMS 0x000000042c000000| PB 0x000000042c000000| Untracked |  0
|  62|0x000000042c800000, 0x000000042c800000, 0x000000042d000000|  0%| F|  |TAMS 0x000000042c800000| PB 0x000000042c800000| Untracked |  0
|  63|0x000000042d000000, 0x000000042d000000, 0x000000042d800000|  0%| F|  |TAMS 0x000000042d000000| PB 0x000000042d000000| Untracked |  0
|  64|0x000000042d800000, 0x000000042d800000, 0x000000042e000000|  0%| F|  |TAMS 0x000000042d800000| PB 0x000000042d800000| Untracked |  0
|  65|0x000000042e000000, 0x000000042e000000, 0x000000042e800000|  0%| F|  |TAMS 0x000000042e000000| PB 0x000000042e000000| Untracked |  0
|  66|0x000000042e800000, 0x000000042e800000, 0x000000042f000000|  0%| F|  |TAMS 0x000000042e800000| PB 0x000000042e800000| Untracked |  0
|  67|0x000000042f000000, 0x000000042f000000, 0x000000042f800000|  0%| F|  |TAMS 0x000000042f000000| PB 0x000000042f000000| Untracked |  0
|  68|0x000000042f800000, 0x000000042f800000, 0x0000000430000000|  0%| F|  |TAMS 0x000000042f800000| PB 0x000000042f800000| Untracked |  0
|  69|0x0000000430000000, 0x0000000430000000, 0x0000000430800000|  0%| F|  |TAMS 0x0000000430000000| PB 0x0000000430000000| Untracked |  0
|  70|0x0000000430800000, 0x0000000430800000, 0x0000000431000000|  0%| F|  |TAMS 0x0000000430800000| PB 0x0000000430800000| Untracked |  0
|  71|0x0000000431000000, 0x0000000431000000, 0x0000000431800000|  0%| F|  |TAMS 0x0000000431000000| PB 0x0000000431000000| Untracked |  0
|  72|0x0000000431800000, 0x0000000431800000, 0x0000000432000000|  0%| F|  |TAMS 0x0000000431800000| PB 0x0000000431800000| Untracked |  0
|  73|0x0000000432000000, 0x0000000432000000, 0x0000000432800000|  0%| F|  |TAMS 0x0000000432000000| PB 0x0000000432000000| Untracked |  0
|  74|0x0000000432800000, 0x0000000432800000, 0x0000000433000000|  0%| F|  |TAMS 0x0000000432800000| PB 0x0000000432800000| Untracked |  0
|  75|0x0000000433000000, 0x0000000433000000, 0x0000000433800000|  0%| F|  |TAMS 0x0000000433000000| PB 0x0000000433000000| Untracked |  0
|  76|0x0000000433800000, 0x0000000433800000, 0x0000000434000000|  0%| F|  |TAMS 0x0000000433800000| PB 0x0000000433800000| Untracked |  0
|  77|0x0000000434000000, 0x0000000434000000, 0x0000000434800000|  0%| F|  |TAMS 0x0000000434000000| PB 0x0000000434000000| Untracked |  0
|  78|0x0000000434800000, 0x0000000434800000, 0x0000000435000000|  0%| F|  |TAMS 0x0000000434800000| PB 0x0000000434800000| Untracked |  0
|  79|0x0000000435000000, 0x0000000435000000, 0x0000000435800000|  0%| F|  |TAMS 0x0000000435000000| PB 0x0000000435000000| Untracked |  0
|  80|0x0000000435800000, 0x0000000435800000, 0x0000000436000000|  0%| F|  |TAMS 0x0000000435800000| PB 0x0000000435800000| Untracked |  0
|  81|0x0000000436000000, 0x0000000436000000, 0x0000000436800000|  0%| F|  |TAMS 0x0000000436000000| PB 0x0000000436000000| Untracked |  0
|  82|0x0000000436800000, 0x0000000436800000, 0x0000000437000000|  0%| F|  |TAMS 0x0000000436800000| PB 0x0000000436800000| Untracked |  0
|  83|0x0000000437000000, 0x0000000437000000, 0x0000000437800000|  0%| F|  |TAMS 0x0000000437000000| PB 0x0000000437000000| Untracked |  0
|  84|0x0000000437800000, 0x0000000437800000, 0x0000000438000000|  0%| F|  |TAMS 0x0000000437800000| PB 0x0000000437800000| Untracked |  0
|  85|0x0000000438000000, 0x0000000438000000, 0x0000000438800000|  0%| F|  |TAMS 0x0000000438000000| PB 0x0000000438000000| Untracked |  0
|  86|0x0000000438800000, 0x0000000438800000, 0x0000000439000000|  0%| F|  |TAMS 0x0000000438800000| PB 0x0000000438800000| Untracked |  0
|  87|0x0000000439000000, 0x0000000439000000, 0x0000000439800000|  0%| F|  |TAMS 0x0000000439000000| PB 0x0000000439000000| Untracked |  0
|  88|0x0000000439800000, 0x0000000439800000, 0x000000043a000000|  0%| F|  |TAMS 0x0000000439800000| PB 0x0000000439800000| Untracked |  0
|  89|0x000000043a000000, 0x000000043a000000, 0x000000043a800000|  0%| F|  |TAMS 0x000000043a000000| PB 0x000000043a000000| Untracked |  0
|  90|0x000000043a800000, 0x000000043a800000, 0x000000043b000000|  0%| F|  |TAMS 0x000000043a800000| PB 0x000000043a800000| Untracked |  0
|  91|0x000000043b000000, 0x000000043b000000, 0x000000043b800000|  0%| F|  |TAMS 0x000000043b000000| PB 0x000000043b000000| Untracked |  0
|  92|0x000000043b800000, 0x000000043b800000, 0x000000043c000000|  0%| F|  |TAMS 0x000000043b800000| PB 0x000000043b800000| Untracked |  0
|  93|0x000000043c000000, 0x000000043c000000, 0x000000043c800000|  0%| F|  |TAMS 0x000000043c000000| PB 0x000000043c000000| Untracked |  0
|  94|0x000000043c800000, 0x000000043c800000, 0x000000043d000000|  0%| F|  |TAMS 0x000000043c800000| PB 0x000000043c800000| Untracked |  0
|  95|0x000000043d000000, 0x000000043d000000, 0x000000043d800000|  0%| F|  |TAMS 0x000000043d000000| PB 0x000000043d000000| Untracked |  0
|  96|0x000000043d800000, 0x000000043d800000, 0x000000043e000000|  0%| F|  |TAMS 0x000000043d800000| PB 0x000000043d800000| Untracked |  0
|  97|0x000000043e000000, 0x000000043e000000, 0x000000043e800000|  0%| F|  |TAMS 0x000000043e000000| PB 0x000000043e000000| Untracked |  0
|  98|0x000000043e800000, 0x000000043e800000, 0x000000043f000000|  0%| F|  |TAMS 0x000000043e800000| PB 0x000000043e800000| Untracked |  0
|  99|0x000000043f000000, 0x000000043f000000, 0x000000043f800000|  0%| F|  |TAMS 0x000000043f000000| PB 0x000000043f000000| Untracked |  0
| 100|0x000000043f800000, 0x000000043f800000, 0x0000000440000000|  0%| F|  |TAMS 0x000000043f800000| PB 0x000000043f800000| Untracked |  0
| 101|0x0000000440000000, 0x0000000440000000, 0x0000000440800000|  0%| F|  |TAMS 0x0000000440000000| PB 0x0000000440000000| Untracked |  0
| 102|0x0000000440800000, 0x0000000440800000, 0x0000000441000000|  0%| F|  |TAMS 0x0000000440800000| PB 0x0000000440800000| Untracked |  0
| 103|0x0000000441000000, 0x0000000441000000, 0x0000000441800000|  0%| F|  |TAMS 0x0000000441000000| PB 0x0000000441000000| Untracked |  0
| 104|0x0000000441800000, 0x0000000441800000, 0x0000000442000000|  0%| F|  |TAMS 0x0000000441800000| PB 0x0000000441800000| Untracked |  0
| 105|0x0000000442000000, 0x0000000442000000, 0x0000000442800000|  0%| F|  |TAMS 0x0000000442000000| PB 0x0000000442000000| Untracked |  0
| 106|0x0000000442800000, 0x0000000442800000, 0x0000000443000000|  0%| F|  |TAMS 0x0000000442800000| PB 0x0000000442800000| Untracked |  0
| 107|0x0000000443000000, 0x0000000443000000, 0x0000000443800000|  0%| F|  |TAMS 0x0000000443000000| PB 0x0000000443000000| Untracked |  0
| 108|0x0000000443800000, 0x0000000443800000, 0x0000000444000000|  0%| F|  |TAMS 0x0000000443800000| PB 0x0000000443800000| Untracked |  0
| 109|0x0000000444000000, 0x0000000444000000, 0x0000000444800000|  0%| F|  |TAMS 0x0000000444000000| PB 0x0000000444000000| Untracked |  0
| 110|0x0000000444800000, 0x0000000444800000, 0x0000000445000000|  0%| F|  |TAMS 0x0000000444800000| PB 0x0000000444800000| Untracked |  0
| 111|0x0000000445000000, 0x0000000445000000, 0x0000000445800000|  0%| F|  |TAMS 0x0000000445000000| PB 0x0000000445000000| Untracked |  0
| 112|0x0000000445800000, 0x0000000445800000, 0x0000000446000000|  0%| F|  |TAMS 0x0000000445800000| PB 0x0000000445800000| Untracked |  0
| 113|0x0000000446000000, 0x0000000446000000, 0x0000000446800000|  0%| F|  |TAMS 0x0000000446000000| PB 0x0000000446000000| Untracked |  0
| 114|0x0000000446800000, 0x0000000446800000, 0x0000000447000000|  0%| F|  |TAMS 0x0000000446800000| PB 0x0000000446800000| Untracked |  0
| 115|0x0000000447000000, 0x0000000447000000, 0x0000000447800000|  0%| F|  |TAMS 0x0000000447000000| PB 0x0000000447000000| Untracked |  0
| 116|0x0000000447800000, 0x0000000447800000, 0x0000000448000000|  0%| F|  |TAMS 0x0000000447800000| PB 0x0000000447800000| Untracked |  0
| 117|0x0000000448000000, 0x0000000448000000, 0x0000000448800000|  0%| F|  |TAMS 0x0000000448000000| PB 0x0000000448000000| Untracked |  0
| 118|0x0000000448800000, 0x0000000448800000, 0x0000000449000000|  0%| F|  |TAMS 0x0000000448800000| PB 0x0000000448800000| Untracked |  0
| 119|0x0000000449000000, 0x0000000449000000, 0x0000000449800000|  0%| F|  |TAMS 0x0000000449000000| PB 0x0000000449000000| Untracked |  0
| 120|0x0000000449800000, 0x0000000449800000, 0x000000044a000000|  0%| F|  |TAMS 0x0000000449800000| PB 0x0000000449800000| Untracked |  0
| 121|0x000000044a000000, 0x000000044a000000, 0x000000044a800000|  0%| F|  |TAMS 0x000000044a000000| PB 0x000000044a000000| Untracked |  0
| 122|0x000000044a800000, 0x000000044a800000, 0x000000044b000000|  0%| F|  |TAMS 0x000000044a800000| PB 0x000000044a800000| Untracked |  0
| 123|0x000000044b000000, 0x000000044b000000, 0x000000044b800000|  0%| F|  |TAMS 0x000000044b000000| PB 0x000000044b000000| Untracked |  0
| 124|0x000000044b800000, 0x000000044b800000, 0x000000044c000000|  0%| F|  |TAMS 0x000000044b800000| PB 0x000000044b800000| Untracked |  0
| 125|0x000000044c000000, 0x000000044c4cfc98, 0x000000044c800000| 60%| E|  |TAMS 0x000000044c000000| PB 0x000000044c000000| Complete |  0
| 126|0x000000044c800000, 0x000000044d000000, 0x000000044d000000|100%| E|CS|TAMS 0x000000044c800000| PB 0x000000044c800000| Complete |  0

Card table byte_map: [0x000001762f6b0000,0x0000017631650000] _byte_map_base: 0x000001762d644000

Marking Bits: (CMBitMap*) 0x000001762d58f7c0
 Bits: [0x0000017631650000, 0x00000176412f0000)

Polling page: 0x0000017612d60000

Metaspace:

Usage:
  Non-class:      3.77 MB used.
      Class:    364.30 KB used.
       Both:      4.12 MB used.

Virtual space:
  Non-class space:       64.00 MB reserved,       3.88 MB (  6%) committed,  1 nodes.
      Class space:        1.00 GB reserved,     448.00 KB ( <1%) committed,  1 nodes.
             Both:        1.06 GB reserved,       4.31 MB ( <1%) committed. 

Chunk freelists:
   Non-Class:  11.36 MB
       Class:  15.54 MB
        Both:  26.90 MB

MaxMetaspaceSize: unlimited
CompressedClassSpaceSize: 1.00 GB
Initial GC threshold: 21.00 MB
Current GC threshold: 21.00 MB
CDS: on
 - commit_granule_bytes: 65536.
 - commit_granule_words: 8192.
 - virtual_space_node_default_size: 8388608.
 - enlarge_chunks_in_place: 1.
 - use_allocation_guard: 0.


Internal statistics:

num_allocs_failed_limit: 0.
num_arena_births: 72.
num_arena_deaths: 0.
num_vsnodes_births: 2.
num_vsnodes_deaths: 0.
num_space_committed: 69.
num_space_uncommitted: 0.
num_chunks_returned_to_freelist: 0.
num_chunks_taken_from_freelist: 113.
num_chunk_merges: 0.
num_chunk_splits: 73.
num_chunks_enlarged: 47.
num_inconsistent_stats: 0.

CodeHeap 'non-profiled nmethods': size=119232Kb used=160Kb max_used=160Kb free=119071Kb
 bounds [0x00000176251c0000, 0x0000017625430000, 0x000001762c630000]
CodeHeap 'profiled nmethods': size=119104Kb used=622Kb max_used=622Kb free=118481Kb
 bounds [0x000001761d630000, 0x000001761d8a0000, 0x0000017624a80000]
CodeHeap 'non-nmethods': size=7424Kb used=3197Kb max_used=3205Kb free=4226Kb
 bounds [0x0000017624a80000, 0x0000017624db0000, 0x00000176251c0000]
CodeCache: size=245760Kb, used=3979Kb, max_used=3987Kb, free=241778Kb
 total_blobs=1033, nmethods=574, adapters=362, full_count=0
Compilation: enabled, stopped_count=0, restarted_count=0

Compilation events (20 events):
Event: 0.159 Thread 0x0000017644995b00 nmethod 565 0x000001761d6c5708 code [0x000001761d6c5820, 0x000001761d6c5930]
Event: 0.159 Thread 0x0000017644995b00  568       3       java.lang.StringConcatHelper::newString (67 bytes)
Event: 0.159 Thread 0x00000176448cc6f0 nmethod 564 0x000001761d6c5a08 code [0x000001761d6c5be0, 0x000001761d6c63e0]
Event: 0.159 Thread 0x00000176448cc6f0  569   !   3       java.lang.ref.ReferenceQueue::poll (40 bytes)
Event: 0.159 Thread 0x0000017644995b00 nmethod 568 0x000001761d6c6408 code [0x000001761d6c6600, 0x000001761d6c7038]
Event: 0.159 Thread 0x00000176448cc6f0 nmethod 569 0x000001761d6c7108 code [0x000001761d6c72e0, 0x000001761d6c7d60]
Event: 0.159 Thread 0x00000176447f9010 nmethod 567 0x000001761d6c7e08 code [0x000001761d6c80e0, 0x000001761d6c9380]
Event: 0.159 Thread 0x0000017644994e10 nmethod 566 0x000001761d6c9408 code [0x000001761d6c96e0, 0x000001761d6ca9d0]
Event: 0.159 Thread 0x00000176447f9010  570       3       java.util.Objects::checkIndex (7 bytes)
Event: 0.159 Thread 0x00000176447f9010 nmethod 570 0x000001761d6caa88 code [0x000001761d6caba0, 0x000001761d6cacd8]
Event: 0.160 Thread 0x00000176447f9010  571       3       jdk.internal.jimage.ImageStringsReader::hashCode (33 bytes)
Event: 0.160 Thread 0x0000017644995b00  572       3       java.util.Optional::empty (6 bytes)
Event: 0.160 Thread 0x00000176447f9010 nmethod 571 0x000001761d6cad88 code [0x000001761d6caec0, 0x000001761d6cb040]
Event: 0.160 Thread 0x00000176447f9010  573       1       jdk.internal.loader.URLClassPath$Loader::getBaseURL (5 bytes)
Event: 0.160 Thread 0x00000176447f9010 nmethod 573 0x00000176251e7e88 code [0x00000176251e7fa0, 0x00000176251e8070]
Event: 0.160 Thread 0x0000017644995b00 nmethod 572 0x000001761d6cb088 code [0x000001761d6cb1a0, 0x000001761d6cb298]
Event: 0.160 Thread 0x0000017644994e10  574       3       java.util.ArrayList::get (15 bytes)
Event: 0.160 Thread 0x00000176447f9010  575       3       java.util.ArrayList::elementData (7 bytes)
Event: 0.161 Thread 0x00000176447f9010 nmethod 575 0x000001761d6cb388 code [0x000001761d6cb4a0, 0x000001761d6cb5e0]
Event: 0.161 Thread 0x0000017644994e10 nmethod 574 0x000001761d6cb688 code [0x000001761d6cb7c0, 0x000001761d6cba20]

GC Heap History (0 events):
No events

Dll operation events (9 events):
Event: 0.006 Loaded shared library C:\Users\andre\.jdks\openjdk-23.0.1\bin\java.dll
Event: 0.007 Loaded shared library C:\Users\andre\.jdks\openjdk-23.0.1\bin\zip.dll
Event: 0.023 Loaded shared library C:\Users\andre\.jdks\openjdk-23.0.1\bin\jsvml.dll
Event: 0.057 Loaded shared library C:\Users\andre\.jdks\openjdk-23.0.1\bin\instrument.dll
Event: 0.084 Loaded shared library C:\Users\andre\.jdks\openjdk-23.0.1\bin\net.dll
Event: 0.085 Loaded shared library C:\Users\andre\.jdks\openjdk-23.0.1\bin\nio.dll
Event: 0.093 Loaded shared library C:\Users\andre\.jdks\openjdk-23.0.1\bin\zip.dll
Event: 0.121 Loaded shared library C:\Users\andre\.jdks\openjdk-23.0.1\bin\jimage.dll
Event: 0.138 Loaded shared library C:\Users\andre\AppData\Local\Temp\lwjglandre\3.3.1-build-7\lwjgl.dll

Deoptimization events (8 events):
Event: 0.073 Thread 0x0000017612a17e50 Uncommon trap: trap_request=0xffffff45 fr.pc=0x00000176251d4cec relative=0x00000000000000cc
Event: 0.073 Thread 0x0000017612a17e50 Uncommon trap: reason=unstable_if action=reinterpret pc=0x00000176251d4cec method=java.lang.String.isLatin1()Z @ 10 c2
Event: 0.073 Thread 0x0000017612a17e50 DEOPT PACKING pc=0x00000176251d4cec sp=0x00000066cbcfecf0
Event: 0.073 Thread 0x0000017612a17e50 DEOPT UNPACKING pc=0x0000017624ad7982 sp=0x00000066cbcfec40 mode 2
Event: 0.073 Thread 0x0000017612a17e50 Uncommon trap: trap_request=0xffffff45 fr.pc=0x00000176251d4934 relative=0x00000000000004f4
Event: 0.073 Thread 0x0000017612a17e50 Uncommon trap: reason=unstable_if action=reinterpret pc=0x00000176251d4934 method=java.lang.StringLatin1.replace([BCC)Ljava/lang/String; @ 19 c2
Event: 0.073 Thread 0x0000017612a17e50 DEOPT PACKING pc=0x00000176251d4934 sp=0x00000066cbcfeff0
Event: 0.073 Thread 0x0000017612a17e50 DEOPT UNPACKING pc=0x0000017624ad7982 sp=0x00000066cbcfef70 mode 2

Classes loaded (20 events):
Event: 0.153 Loading class org/lwjgl/glfw/GLFW
Event: 0.153 Loading class org/lwjgl/glfw/GLFW done
Event: 0.154 Loading class org/lwjgl/glfw/GLFWImage$Buffer
Event: 0.154 Loading class org/lwjgl/glfw/GLFWImage$Buffer done
Event: 0.154 Loading class org/lwjgl/system/StructBuffer
Event: 0.154 Loading class org/lwjgl/system/StructBuffer done
Event: 0.158 Loading class org/lwjgl/system/APIUtil$1
Event: 0.158 Loading class org/lwjgl/system/APIUtil$1 done
Event: 0.158 Loading class java/lang/NoSuchFieldError
Event: 0.158 Loading class java/lang/NoSuchFieldError done
Event: 0.158 Loading class org/lwjgl/system/windows/WindowsLibrary
Event: 0.158 Loading class org/lwjgl/system/windows/WindowsLibrary done
Event: 0.159 Loading class org/lwjgl/system/SharedLibrary$Default
Event: 0.159 Loading class org/lwjgl/system/SharedLibrary$Default done
Event: 0.159 Loading class org/lwjgl/system/windows/WinBase
Event: 0.159 Loading class org/lwjgl/system/windows/WinBase done
Event: 0.159 Loading class org/lwjgl/system/ThreadLocalUtil
Event: 0.159 Loading class org/lwjgl/system/ThreadLocalUtil done
Event: 0.161 Loading class jdk/internal/reflect/MethodHandleIntegerFieldAccessorImpl
Event: 0.161 Loading class jdk/internal/reflect/MethodHandleIntegerFieldAccessorImpl done

Classes unloaded (0 events):
No events

Classes redefined (1 events):
Event: 0.070 Thread 0x00000176447cdfe0 redefined class name=java.lang.Throwable, count=1

Internal exceptions (18 events):
Event: 0.060 Thread 0x0000017612a17e50 Exception <a 'java/lang/NoSuchMethodError'{0x000000044ce160e8}: 'java.lang.Object java.lang.invoke.Invokers$Holder.invokeExact_MT(java.lang.Object, java.lang.Object, java.lang.Object, java.lang.Object, java.lang.Object)'> (0x000000044ce160e8) 
thrown [s\open\src\hotspot\share\interpreter\linkResolver.cpp, line 796]
Event: 0.111 Thread 0x0000017612a17e50 Exception <a 'java/lang/NoSuchMethodError'{0x000000044c1ca1b0}: 'void java.lang.invoke.DirectMethodHandle$Holder.invokeStatic(java.lang.Object, java.lang.Object)'> (0x000000044c1ca1b0) 
thrown [s\open\src\hotspot\share\interpreter\linkResolver.cpp, line 796]
Event: 0.111 Thread 0x0000017612a17e50 Exception <a 'java/lang/NoSuchMethodError'{0x000000044c1da318}: 'void java.lang.System.load(java.lang.String, java.lang.Class)'> (0x000000044c1da318) 
thrown [s\open\src\hotspot\share\interpreter\linkResolver.cpp, line 796]
Event: 0.112 Thread 0x0000017612a17e50 Exception <a 'java/lang/NoSuchMethodError'{0x000000044c1dad68}: 'void java.lang.invoke.DirectMethodHandle$Holder.invokeSpecial(java.lang.Object, java.lang.Object, java.lang.Object)'> (0x000000044c1dad68) 
thrown [s\open\src\hotspot\share\interpreter\linkResolver.cpp, line 796]
Event: 0.113 Thread 0x0000017612a17e50 Exception <a 'java/lang/NoSuchMethodError'{0x000000044c1ef0a0}: 'java.lang.Object java.lang.invoke.DirectMethodHandle$Holder.invokeStatic(java.lang.Object, java.lang.Object, int)'> (0x000000044c1ef0a0) 
thrown [s\open\src\hotspot\share\interpreter\linkResolver.cpp, line 796]
Event: 0.113 Thread 0x0000017612a17e50 Exception <a 'java/lang/NoSuchMethodError'{0x000000044c1fa998}: 'void java.lang.invoke.DelegatingMethodHandle$Holder.delegate(java.lang.Object, java.lang.Object, int, java.lang.Object)'> (0x000000044c1fa998) 
thrown [s\open\src\hotspot\share\interpreter\linkResolver.cpp, line 796]
Event: 0.114 Thread 0x0000017612a17e50 Exception <a 'java/lang/NoSuchMethodError'{0x000000044c1fe710}: 'int java.lang.invoke.DirectMethodHandle$Holder.invokeSpecial(java.lang.Object, java.lang.Object, java.lang.Object)'> (0x000000044c1fe710) 
thrown [s\open\src\hotspot\share\interpreter\linkResolver.cpp, line 796]
Event: 0.116 Thread 0x0000017612a17e50 Exception <a 'java/lang/NoSuchMethodError'{0x000000044c21aa30}: 'void java.lang.System.loadLibrary(java.lang.String, java.lang.Class)'> (0x000000044c21aa30) 
thrown [s\open\src\hotspot\share\interpreter\linkResolver.cpp, line 796]
Event: 0.136 Thread 0x0000017612a17e50 Exception <a 'sun/nio/fs/WindowsException'{0x000000044c2fb4a8}> (0x000000044c2fb4a8) 
thrown [s\open\src\hotspot\share\prims\jni.cpp, line 520]
Event: 0.136 Thread 0x0000017612a17e50 Exception <a 'sun/nio/fs/WindowsException'{0x000000044c2fcaf0}> (0x000000044c2fcaf0) 
thrown [s\open\src\hotspot\share\prims\jni.cpp, line 520]
Event: 0.145 Thread 0x0000017612a17e50 Exception <a 'java/lang/NoSuchMethodError'{0x000000044c3668c0}: 'int java.lang.invoke.DirectMethodHandle$Holder.invokeStaticInit(java.lang.Object, java.lang.Object, int, long)'> (0x000000044c3668c0) 
thrown [s\open\src\hotspot\share\interpreter\linkResolver.cpp, line 796]
Event: 0.145 Thread 0x0000017612a17e50 Exception <a 'java/lang/NoSuchMethodError'{0x000000044c36ba18}: 'java.lang.Object java.lang.invoke.DirectMethodHandle$Holder.newInvokeSpecial(java.lang.Object, java.lang.Object, int)'> (0x000000044c36ba18) 
thrown [s\open\src\hotspot\share\interpreter\linkResolver.cpp, line 796]
Event: 0.146 Thread 0x0000017612a17e50 Exception <a 'java/lang/NoSuchMethodError'{0x000000044c37ce30}: 'int java.lang.invoke.DirectMethodHandle$Holder.invokeStaticInit(java.lang.Object, java.lang.Object, long, long)'> (0x000000044c37ce30) 
thrown [s\open\src\hotspot\share\interpreter\linkResolver.cpp, line 796]
Event: 0.147 Thread 0x0000017612a17e50 Exception <a 'java/lang/NoSuchMethodError'{0x000000044c382920}: 'java.lang.Object java.lang.invoke.DirectMethodHandle$Holder.newInvokeSpecial(java.lang.Object, java.lang.Object, long)'> (0x000000044c382920) 
thrown [s\open\src\hotspot\share\interpreter\linkResolver.cpp, line 796]
Event: 0.147 Thread 0x0000017612a17e50 Exception <a 'java/lang/NoSuchMethodError'{0x000000044c386800}: 'java.lang.Object java.lang.invoke.Invokers$Holder.linkToTargetMethod(java.lang.Object, long, java.lang.Object)'> (0x000000044c386800) 
thrown [s\open\src\hotspot\share\interpreter\linkResolver.cpp, line 796]
Event: 0.147 Thread 0x0000017612a17e50 Exception <a 'java/lang/NoSuchMethodError'{0x000000044c38da78}: 'int java.lang.invoke.DirectMethodHandle$Holder.invokeStaticInit(java.lang.Object, java.lang.Object, java.lang.Object, long)'> (0x000000044c38da78) 
thrown [s\open\src\hotspot\share\interpreter\linkResolver.cpp, line 796]
Event: 0.158 Thread 0x0000017612a17e50 Exception <a 'sun/nio/fs/WindowsException'{0x000000044c4439e8}> (0x000000044c4439e8) 
thrown [s\open\src\hotspot\share\prims\jni.cpp, line 520]
Event: 0.158 Thread 0x0000017612a17e50 Exception <a 'sun/nio/fs/WindowsException'{0x000000044c443d68}> (0x000000044c443d68) 
thrown [s\open\src\hotspot\share\prims\jni.cpp, line 520]

VM Operations (10 events):
Event: 0.039 Executing VM operation: HandshakeAllThreads (Deoptimize)
Event: 0.039 Executing VM operation: HandshakeAllThreads (Deoptimize) done
Event: 0.055 Executing VM operation: ChangeBreakpoints
Event: 0.055 Executing VM operation: ChangeBreakpoints done
Event: 0.056 Executing VM operation: ChangeBreakpoints
Event: 0.056 Executing VM operation: ChangeBreakpoints done
Event: 0.069 Executing VM operation: RedefineClasses
Event: 0.070 Executing VM operation: RedefineClasses done
Event: 0.071 Executing VM operation: get/set locals
Event: 0.071 Executing VM operation: get/set locals done

Memory protections (0 events):
No events

Nmethod flushes (0 events):
No events

Events (17 events):
Event: 0.015 Thread 0x0000017612a17e50 Thread added: 0x0000017612a17e50
Event: 0.022 Thread 0x0000017612a17e50 Thread added: 0x00000176447e7c80
Event: 0.022 Thread 0x0000017612a17e50 Thread added: 0x00000176447e8de0
Event: 0.022 Thread 0x0000017612a17e50 Thread added: 0x00000176447e9d90
Event: 0.022 Thread 0x0000017612a17e50 Thread added: 0x00000176447ead40
Event: 0.022 Thread 0x0000017612a17e50 Thread added: 0x00000176447eb890
Event: 0.022 Thread 0x0000017612a17e50 Thread added: 0x00000176447f3170
Event: 0.022 Thread 0x0000017612a17e50 Thread added: 0x00000176447f4b20
Event: 0.022 Thread 0x0000017612a17e50 Thread added: 0x00000176447f9010
Event: 0.025 Thread 0x00000176447f9010 Thread added: 0x00000176448cc6f0
Event: 0.036 Thread 0x0000017612a17e50 Thread added: 0x00000176448fa440
Event: 0.040 Thread 0x00000176448cc6f0 Thread added: 0x0000017644994e10
Event: 0.040 Thread 0x00000176447f9010 Thread added: 0x0000017644995b00
Event: 0.048 Thread 0x0000017612a17e50 Thread added: 0x00000176449ef620
Event: 0.048 Thread 0x0000017612a17e50 Thread added: 0x0000017644a35210
Event: 0.048 Thread 0x00000176449ef620 Thread added: 0x0000017644a10cc0
Event: 0.072 Thread 0x0000017612a17e50 Thread added: 0x0000017644b3cf20


Dynamic libraries:
0x00007ff62d570000 - 0x00007ff62d57e000 	C:\Users\andre\.jdks\openjdk-23.0.1\bin\java.exe
0x00007ffedfbf0000 - 0x00007ffedfe07000 	C:\WINDOWS\SYSTEM32\ntdll.dll
0x00007ffeddd60000 - 0x00007ffedde24000 	C:\WINDOWS\System32\KERNEL32.DLL
0x00007ffedcf60000 - 0x00007ffedd31a000 	C:\WINDOWS\System32\KERNELBASE.dll
0x00007ffedd660000 - 0x00007ffedd771000 	C:\WINDOWS\System32\ucrtbase.dll
0x00007ffeca0f0000 - 0x00007ffeca10b000 	C:\Users\andre\.jdks\openjdk-23.0.1\bin\VCRUNTIME140.dll
0x00007ffecb900000 - 0x00007ffecb917000 	C:\Users\andre\.jdks\openjdk-23.0.1\bin\jli.dll
0x00007ffedf9f0000 - 0x00007ffedfb9e000 	C:\WINDOWS\System32\USER32.dll
0x00007ffedd630000 - 0x00007ffedd656000 	C:\WINDOWS\System32\win32u.dll
0x00007ffeddb40000 - 0x00007ffeddb69000 	C:\WINDOWS\System32\GDI32.dll
0x00007ffedd490000 - 0x00007ffedd5ab000 	C:\WINDOWS\System32\gdi32full.dll
0x00007ffedcec0000 - 0x00007ffedcf5a000 	C:\WINDOWS\System32\msvcp_win.dll
0x00007ffec1470000 - 0x00007ffec1702000 	C:\WINDOWS\WinSxS\amd64_microsoft.windows.common-controls_6595b64144ccf1df_6.0.22621.4541_none_2710d1c57384c085\COMCTL32.dll
0x00007ffede120000 - 0x00007ffede1c7000 	C:\WINDOWS\System32\msvcrt.dll
0x00007ffedf8b0000 - 0x00007ffedf8e1000 	C:\WINDOWS\System32\IMM32.DLL
0x00007ffed7540000 - 0x00007ffed754c000 	C:\Users\andre\.jdks\openjdk-23.0.1\bin\vcruntime140_1.dll
0x00007ffeb4a50000 - 0x00007ffeb4ade000 	C:\Users\andre\.jdks\openjdk-23.0.1\bin\msvcp140.dll
0x00007ffe00be0000 - 0x00007ffe0192f000 	C:\Users\andre\.jdks\openjdk-23.0.1\bin\server\jvm.dll
0x00007ffede1d0000 - 0x00007ffede282000 	C:\WINDOWS\System32\ADVAPI32.dll
0x00007ffedf0c0000 - 0x00007ffedf167000 	C:\WINDOWS\System32\sechost.dll
0x00007ffedd3e0000 - 0x00007ffedd408000 	C:\WINDOWS\System32\bcrypt.dll
0x00007ffedde30000 - 0x00007ffeddf44000 	C:\WINDOWS\System32\RPCRT4.dll
0x00007ffeddac0000 - 0x00007ffeddb31000 	C:\WINDOWS\System32\WS2_32.dll
0x00007ffedbd10000 - 0x00007ffedbd5d000 	C:\WINDOWS\SYSTEM32\POWRPROF.dll
0x00007ffed6190000 - 0x00007ffed61c4000 	C:\WINDOWS\SYSTEM32\WINMM.dll
0x00007ffed2250000 - 0x00007ffed225a000 	C:\WINDOWS\SYSTEM32\VERSION.dll
0x00007ffedbcf0000 - 0x00007ffedbd03000 	C:\WINDOWS\SYSTEM32\UMPDC.dll
0x00007ffedbfb0000 - 0x00007ffedbfc8000 	C:\WINDOWS\SYSTEM32\kernel.appcore.dll
0x00007ffecbad0000 - 0x00007ffecbada000 	C:\Users\andre\.jdks\openjdk-23.0.1\bin\jimage.dll
0x00007ffedb2a0000 - 0x00007ffedb4d2000 	C:\WINDOWS\SYSTEM32\DBGHELP.DLL
0x00007ffedeb10000 - 0x00007ffedee9f000 	C:\WINDOWS\System32\combase.dll
0x00007ffedf170000 - 0x00007ffedf247000 	C:\WINDOWS\System32\OLEAUT32.dll
0x00007ffecc5c0000 - 0x00007ffecc5f2000 	C:\WINDOWS\SYSTEM32\dbgcore.DLL
0x00007ffedd410000 - 0x00007ffedd48b000 	C:\WINDOWS\System32\bcryptPrimitives.dll
0x00007ffeb5c10000 - 0x00007ffeb5c4c000 	C:\Users\andre\.jdks\openjdk-23.0.1\bin\jdwp.dll
0x00007ffecb8f0000 - 0x00007ffecb8ff000 	C:\Users\andre\.jdks\openjdk-23.0.1\bin\instrument.dll
0x00007ffec8f10000 - 0x00007ffec8f2e000 	C:\Users\andre\.jdks\openjdk-23.0.1\bin\java.dll
0x00007ffedd910000 - 0x00007ffeddab5000 	C:\WINDOWS\System32\ole32.dll
0x00007ffede290000 - 0x00007ffedeb08000 	C:\WINDOWS\System32\SHELL32.dll
0x00007ffebfb80000 - 0x00007ffebfb97000 	C:\Users\andre\.jdks\openjdk-23.0.1\bin\zip.dll
0x00007ffeda8e0000 - 0x00007ffedb1e8000 	C:\WINDOWS\SYSTEM32\windows.storage.dll
0x00007ffeda7a0000 - 0x00007ffeda8df000 	C:\WINDOWS\SYSTEM32\wintypes.dll
0x00007ffeddc60000 - 0x00007ffeddd5a000 	C:\WINDOWS\System32\SHCORE.dll
0x00007ffedf060000 - 0x00007ffedf0be000 	C:\WINDOWS\System32\shlwapi.dll
0x00007ffedcdf0000 - 0x00007ffedce1b000 	C:\WINDOWS\SYSTEM32\profapi.dll
0x00007ffeb48e0000 - 0x00007ffeb49b7000 	C:\Users\andre\.jdks\openjdk-23.0.1\bin\jsvml.dll
0x00007ffec62b0000 - 0x00007ffec62bc000 	C:\Users\andre\.jdks\openjdk-23.0.1\bin\dt_socket.dll
0x00007ffedb9a0000 - 0x00007ffedb9cd000 	C:\WINDOWS\SYSTEM32\IPHLPAPI.DLL
0x00007ffedc420000 - 0x00007ffedc489000 	C:\WINDOWS\system32\mswsock.dll
0x00007ffecb890000 - 0x00007ffecb8a0000 	C:\Users\andre\.jdks\openjdk-23.0.1\bin\net.dll
0x00007ffec2b90000 - 0x00007ffec2ba6000 	C:\Users\andre\.jdks\openjdk-23.0.1\bin\nio.dll
0x00007ffeb5b90000 - 0x00007ffeb5c05000 	C:\Users\andre\AppData\Local\Temp\lwjglandre\3.3.1-build-7\lwjgl.dll
0x00007ffe34cd0000 - 0x00007ffe34d31000 	C:\Users\andre\AppData\Local\Temp\lwjglandre\3.3.1-build-7\glfw.dll

dbghelp: loaded successfully - version: 4.0.5 - missing functions: none
symbol engine: initialized successfully - sym options: 0x614 - pdb path: .;C:\Users\andre\.jdks\openjdk-23.0.1\bin;C:\WINDOWS\SYSTEM32;C:\WINDOWS\WinSxS\amd64_microsoft.windows.common-controls_6595b64144ccf1df_6.0.22621.4541_none_2710d1c57384c085;C:\Users\andre\.jdks\openjdk-23.0.1\bin\server;C:\Users\andre\AppData\Local\Temp\lwjglandre\3.3.1-build-7

VM Arguments:
jvm_args: -agentlib:jdwp=transport=dt_socket,address=127.0.0.1:62619,suspend=y,server=n -javaagent:C:\Users\andre\AppData\Local\JetBrains\IdeaIC2024.3\captureAgent\debugger-agent.jar -Dkotlinx.coroutines.debug.enable.creation.stack.trace=false -Ddebugger.agent.enable.coroutines=true -Dkotlinx.coroutines.debug.enable.flows.stack.trace=true -Dkotlinx.coroutines.debug.enable.mutable.state.flows.stack.trace=true -Dfile.encoding=UTF-8 -Dsun.stdout.encoding=UTF-8 -Dsun.stderr.encoding=UTF-8 
java_command: com.snksynthesis.voxelgame.App
java_class_path (initial): F:\Minecraft Forge Projects\voxel-game\target\classes;C:\Users\andre\.m2\repository\org\lwjgl\lwjgl\3.3.1\lwjgl-3.3.1.jar;C:\Users\andre\.m2\repository\org\lwjgl\lwjgl-glfw\3.3.1\lwjgl-glfw-3.3.1.jar;C:\Users\andre\.m2\repository\org\lwjgl\lwjgl-opengl\3.3.1\lwjgl-opengl-3.3.1.jar;C:\Users\andre\.m2\repository\org\lwjgl\lwjgl-stb\3.3.1\lwjgl-stb-3.3.1.jar;C:\Users\andre\.m2\repository\org\lwjgl\lwjgl\3.3.1\lwjgl-3.3.1-natives-windows.jar;C:\Users\andre\.m2\repository\org\lwjgl\lwjgl-glfw\3.3.1\lwjgl-glfw-3.3.1-natives-windows.jar;C:\Users\andre\.m2\repository\org\lwjgl\lwjgl-opengl\3.3.1\lwjgl-opengl-3.3.1-natives-windows.jar;C:\Users\andre\.m2\repository\org\lwjgl\lwjgl-stb\3.3.1\lwjgl-stb-3.3.1-natives-windows.jar;C:\Users\andre\.m2\repository\org\joml\joml\1.10.4\joml-1.10.4.jar;C:\Users\andre\AppData\Local\Programs\IntelliJ IDEA Community Edition\lib\idea_rt.jar
Launcher Type: SUN_STANDARD

[Global flags]
     intx CICompilerCount                          = 12                                        {product} {ergonomic}
     uint ConcGCThreads                            = 5                                         {product} {ergonomic}
     uint G1ConcRefinementThreads                  = 18                                        {product} {ergonomic}
   size_t G1HeapRegionSize                         = 8388608                                   {product} {ergonomic}
   size_t InitialHeapSize                          = 1065353216                                {product} {ergonomic}
   size_t MarkStackSize                            = 4194304                                   {product} {ergonomic}
   size_t MarkStackSizeMax                         = 536870912                                 {product} {ergonomic}
   size_t MaxHeapSize                              = 16953376768                               {product} {ergonomic}
   size_t MaxNewSize                               = 10166992896                               {product} {ergonomic}
   size_t MinHeapDeltaBytes                        = 8388608                                   {product} {ergonomic}
   size_t MinHeapSize                              = 8388608                                   {product} {ergonomic}
    uintx NonNMethodCodeHeapSize                   = 7602176                                {pd product} {ergonomic}
    uintx NonProfiledCodeHeapSize                  = 122093568                              {pd product} {ergonomic}
    uintx ProfiledCodeHeapSize                     = 121962496                              {pd product} {ergonomic}
    uintx ReservedCodeCacheSize                    = 251658240                              {pd product} {ergonomic}
     bool SegmentedCodeCache                       = true                                      {product} {ergonomic}
   size_t SoftMaxHeapSize                          = 16953376768                            {manageable} {ergonomic}
     bool UseCompressedOops                        = true                           {product lp64_product} {ergonomic}
     bool UseG1GC                                  = true                                      {product} {ergonomic}
     bool UseLargePagesIndividualAllocation        = false                                  {pd product} {ergonomic}

Logging:
Log output configuration:
 #0: stdout all=warning uptime,level,tags foldmultilines=false
 #1: stderr all=off uptime,level,tags foldmultilines=false

Environment Variables:
JAVA_HOME=C:\Program Files\Amazon Corretto\jdk23.0.1_8
PATH=C:\Program Files\Amazon Corretto\jdk23.0.1_8\bin;C:\Program Files\Amazon Corretto\jdk21.0.4_7\bin;C:\Program Files\Microsoft\jdk-17.0.11.9-hotspot\bin;C:\Program Files\Microsoft\jdk-21.0.3.9-hotspot\bin;C:\Program Files\Eclipse Adoptium\jdk-21.0.1.12-hotspot\bin;C:\Program Files\Zulu\zulu-22\bin\;C:\Program Files\Eclipse Adoptium\jdk-8.0.402.6-hotspot\bin;%JAVA_17%;C:\Python312\Scripts;C:\Python312;C:\Program Files (x86)\Razer Chroma SDK\bin;C:\Program Files\Razer Chroma SDK\bin;C:\Program Files (x86)\Razer\ChromaBroadcast\bin;C:\Program Files\Razer\ChromaBroadcast\bin;C:\Windows\system32;C:\Windows;C:\Windows\System32\Wbem;C:\Windows\System32\WindowsPowerShell\v1.0;C:\Windows\System32\OpenSSH;C:\WINDOWS\system32;C:\WINDOWS;C:\WINDOWS\System32\Wbem;C:\WINDOWS\System32\WindowsPowerShell\v1.0;C:\WINDOWS\System32\OpenSSH;C:\ProgramData\chocolatey\bin;C:\Program Files\Git\cmd;C:\Go\bin;C:\Users\andre\AppData\Local\Microsoft\WindowsApps;C:\Program Files (x86)\Nmap;C:\Program Files (x86)\FAHClient;C:\Program Files\JetBrains\IntelliJ IDEA Community Edition 2020.1.1\bin;C:\Users\andre\AppData\Roaming\npm;C:\Users\andre\go\bin;C:\Users\andre\AppData\Local\Programs\Microsoft;C:\Users\andre\AppData\Local\Programs\Microsoft VS Code\bin;C:\Users\andre\AppData\Local\Microsoft\WinGet\Links;C:\Users\andre\AppData\Local\Microsoft\WinGet\Packages\Gyan.FFmpeg_Microso;C:\ProgramData\chocolatey\lib\maven\apache-maven-3.9.6\bin;17;C:\Users\andre\AppData\Local\Programs\Microsoft VS Code\bin;C:\Users\andre\AppData\Local\Microsoft\WinGet\Links;C:\Users\andre\AppData\Local\Microsoft\WinGet\Packages\Gyan.FFmpeg_Microsoft.Winget.Source_8wekyb3d8bbwe;C:\Users\andre\AppData\Local\GitHubDesktop\bin;C:\Users\andre\AppData\Roaming\npm;C:\Program Files\JetBrains\JetBrains Rider 2023.2.3\bin;C:\Users\andre\AppData\Local\JetBrains\Toolbox\scripts;C:\cygwin64\bin;
USERNAME=andre
OS=Windows_NT
PROCESSOR_IDENTIFIER=AMD64 Family 25 Model 97 Stepping 2, AuthenticAMD
TMP=C:\Users\andre\AppData\Local\Temp
TEMP=C:\Users\andre\AppData\Local\Temp




Periodic native trim disabled

---------------  S Y S T E M  ---------------

OS:
 Windows 11 , 64 bit Build 22621 (10.0.22621.4391)
OS uptime: 2 days 5:57 hours
Hyper-V role detected

CPU: total 24 (initial active 24) (24 cores per cpu, 2 threads per core) family 25 model 97 stepping 2 microcode 0x0, cx8, cmov, fxsr, ht, mmx, 3dnowpref, sse, sse2, sse3, ssse3, sse4a, sse4.1, sse4.2, popcnt, lzcnt, tsc, tscinvbit, avx, avx2, aes, erms, clmul, bmi1, bmi2, adx, avx512f, avx512dq, avx512cd, avx512bw, avx512vl, sha, fma, vzeroupper, avx512_vpopcntdq, avx512_vpclmulqdq, avx512_vaes, avx512_vnni, clflush, clflushopt, avx512_vbmi2, avx512_vbmi, hv, rdtscp, rdpid, fsrm, gfni, avx512_bitalg, f16c, cet_ss, avx512_ifma
Processor Information for the first 24 processors :
  Max Mhz: 4701, Current Mhz: 4701, Mhz Limit: 4701

Memory: 4k page, system-wide physical 64641M (34681M free)
TotalPageFile size 76929M (AvailPageFile size 18456M)
current process WorkingSet (physical memory assigned to process): 59M, peak: 59M
current process commit charge ("private bytes"): 1150M, peak: 1150M

vm_info: OpenJDK 64-Bit Server VM (23.0.1+11-39) for windows-amd64 JRE (23.0.1+11-39), built on 2024-09-30T07:20:43Z with MS VC++ 17.6 (VS2022)

END.
